[2025-04-13 21:06:53,929] multiqc                                            [DEBUG  ]  This is MultiQC v1.12
[2025-04-13 21:06:53,929] multiqc                                            [DEBUG  ]  No MultiQC config found: /usr/lib/python3/dist-packages/multiqc_config.yaml
[2025-04-13 21:06:53,929] multiqc                                            [DEBUG  ]  No MultiQC config found: /root/.multiqc_config.yaml
[2025-04-13 21:06:53,929] multiqc                                            [DEBUG  ]  No MultiQC config found: multiqc_config.yaml
[2025-04-13 21:06:53,929] multiqc                                            [DEBUG  ]  Command used: /usr/bin/multiqc results/qc_reports -o results/qc_reports
[2025-04-13 21:06:54,379] multiqc                                            [WARNING]  MultiQC Version v1.28 now available!
[2025-04-13 21:06:54,380] multiqc                                            [DEBUG  ]  Command     : /usr/bin/multiqc results/qc_reports -o results/qc_reports
[2025-04-13 21:06:54,380] multiqc                                            [DEBUG  ]  Working dir : /pipeline
[2025-04-13 21:06:54,380] multiqc                                            [DEBUG  ]  Template    : default
[2025-04-13 21:06:54,380] multiqc                                            [DEBUG  ]  Running Python 3.10.12 (main, Feb  4 2025, 14:57:36) [GCC 11.4.0]
[2025-04-13 21:06:54,381] multiqc                                            [DEBUG  ]  Analysing modules: custom_content, ccs, ngsderive, purple, conpair, lima, peddy, somalier, methylQA, mosdepth, phantompeakqualtools, qualimap, preseq, quast, qorts, rna_seqc, rockhopper, rsem, rseqc, busco, bustools, goleft_indexcov, gffcompare, disambiguate, supernova, deeptools, sargasso, verifybamid, mirtrace, happy, mirtop, sambamba, homer, hops, macs2, theta2, snpeff, gatk, htseq, bcftools, featureCounts, fgbio, dragen, dedup, pbmarkdup, damageprofiler, biobambam2, jcvi, mtnucratio, picard, vep, sentieon, prokka, qc3C, nanostat, samblaster, samtools, sexdeterrmine, eigenstratdatabasetools, bamtools, jellyfish, vcftools, longranger, stacks, varscan2, snippy, bbmap, bismark, biscuit, hicexplorer, hicup, hicpro, salmon, kallisto, slamdunk, star, hisat2, tophat, bowtie2, bowtie1, snpsplit, odgi, pangolin, kat, leehom, adapterRemoval, clipandmerge, cutadapt, flexbar, kaiju, kraken, malt, trimmomatic, sickle, skewer, sortmerna, biobloomtools, fastq_screen, afterqc, fastp, fastqc, pychopper, pycoqc, minionqc, multivcfanalyzer, clusterflow, checkqc, bcl2fastq, bclconvert, interop, ivar, flash, seqyclean, optitype, whatshap
[2025-04-13 21:06:54,382] multiqc                                            [DEBUG  ]  Using temporary directory for creating report: /tmp/tmpflw4kmpc
[2025-04-13 21:06:54,385] multiqc                                            [INFO   ]  Search path : /pipeline/results/qc_reports
[2025-04-13 21:06:54,436] multiqc                                            [DEBUG  ]  File ignored by ccs/v4 because it exceeded search pattern filesize limit: SRR31781636_1_fastqc.html
[2025-04-13 21:06:54,437] multiqc                                            [DEBUG  ]  File ignored by hicexplorer because it exceeded search pattern filesize limit: SRR31781636_1_fastqc.html
[2025-04-13 21:06:54,437] multiqc                                            [DEBUG  ]  File ignored by lima/summary because it exceeded search pattern filesize limit: SRR31781636_1_fastqc.html
[2025-04-13 21:06:54,440] multiqc                                            [DEBUG  ]  File ignored by vep/vep_txt because it exceeded search pattern filesize limit: SRR31781636_1_fastqc.html
[2025-04-13 21:06:54,440] multiqc                                            [DEBUG  ]  File ignored by longranger/invocation because it exceeded search pattern filesize limit: SRR31781636_1_fastqc.html
[2025-04-13 21:06:54,440] multiqc                                            [DEBUG  ]  File ignored by rockhopper because it exceeded search pattern filesize limit: SRR31781636_1_fastqc.html
[2025-04-13 21:06:54,440] multiqc                                            [DEBUG  ]  File ignored by rseqc/bam_stat because it exceeded search pattern filesize limit: SRR31781636_1_fastqc.html
[2025-04-13 21:06:54,440] multiqc                                            [DEBUG  ]  File ignored by rseqc/junction_annotation because it exceeded search pattern filesize limit: SRR31781636_1_fastqc.html
[2025-04-13 21:06:54,440] multiqc                                            [DEBUG  ]  File ignored by rseqc/read_distribution because it exceeded search pattern filesize limit: SRR31781636_1_fastqc.html
[2025-04-13 21:06:54,440] multiqc                                            [DEBUG  ]  File ignored by rseqc/infer_experiment because it exceeded search pattern filesize limit: SRR31781636_1_fastqc.html
[2025-04-13 21:06:54,466] multiqc                                            [DEBUG  ]  File ignored by nanostat because it exceeded search pattern filesize limit: SRR31781636_1_fastqc.html
[2025-04-13 21:06:54,472] multiqc                                            [DEBUG  ]  File ignored by ccs/v4 because it exceeded search pattern filesize limit: SRR31781635_1_fastqc.html
[2025-04-13 21:06:54,473] multiqc                                            [DEBUG  ]  File ignored by hicexplorer because it exceeded search pattern filesize limit: SRR31781635_1_fastqc.html
[2025-04-13 21:06:54,473] multiqc                                            [DEBUG  ]  File ignored by lima/summary because it exceeded search pattern filesize limit: SRR31781635_1_fastqc.html
[2025-04-13 21:06:54,474] multiqc                                            [DEBUG  ]  File ignored by vep/vep_txt because it exceeded search pattern filesize limit: SRR31781635_1_fastqc.html
[2025-04-13 21:06:54,474] multiqc                                            [DEBUG  ]  File ignored by longranger/invocation because it exceeded search pattern filesize limit: SRR31781635_1_fastqc.html
[2025-04-13 21:06:54,474] multiqc                                            [DEBUG  ]  File ignored by rockhopper because it exceeded search pattern filesize limit: SRR31781635_1_fastqc.html
[2025-04-13 21:06:54,474] multiqc                                            [DEBUG  ]  File ignored by rseqc/bam_stat because it exceeded search pattern filesize limit: SRR31781635_1_fastqc.html
[2025-04-13 21:06:54,474] multiqc                                            [DEBUG  ]  File ignored by rseqc/junction_annotation because it exceeded search pattern filesize limit: SRR31781635_1_fastqc.html
[2025-04-13 21:06:54,474] multiqc                                            [DEBUG  ]  File ignored by rseqc/read_distribution because it exceeded search pattern filesize limit: SRR31781635_1_fastqc.html
[2025-04-13 21:06:54,474] multiqc                                            [DEBUG  ]  File ignored by rseqc/infer_experiment because it exceeded search pattern filesize limit: SRR31781635_1_fastqc.html
[2025-04-13 21:06:54,495] multiqc                                            [DEBUG  ]  File ignored by nanostat because it exceeded search pattern filesize limit: SRR31781635_1_fastqc.html
[2025-04-13 21:06:54,499] multiqc                                            [DEBUG  ]  File ignored by ccs/v4 because it exceeded search pattern filesize limit: SRR31781635_2_fastqc.html
[2025-04-13 21:06:54,500] multiqc                                            [DEBUG  ]  File ignored by hicexplorer because it exceeded search pattern filesize limit: SRR31781635_2_fastqc.html
[2025-04-13 21:06:54,500] multiqc                                            [DEBUG  ]  File ignored by lima/summary because it exceeded search pattern filesize limit: SRR31781635_2_fastqc.html
[2025-04-13 21:06:54,501] multiqc                                            [DEBUG  ]  File ignored by vep/vep_txt because it exceeded search pattern filesize limit: SRR31781635_2_fastqc.html
[2025-04-13 21:06:54,501] multiqc                                            [DEBUG  ]  File ignored by longranger/invocation because it exceeded search pattern filesize limit: SRR31781635_2_fastqc.html
[2025-04-13 21:06:54,501] multiqc                                            [DEBUG  ]  File ignored by rockhopper because it exceeded search pattern filesize limit: SRR31781635_2_fastqc.html
[2025-04-13 21:06:54,501] multiqc                                            [DEBUG  ]  File ignored by rseqc/bam_stat because it exceeded search pattern filesize limit: SRR31781635_2_fastqc.html
[2025-04-13 21:06:54,501] multiqc                                            [DEBUG  ]  File ignored by rseqc/junction_annotation because it exceeded search pattern filesize limit: SRR31781635_2_fastqc.html
[2025-04-13 21:06:54,501] multiqc                                            [DEBUG  ]  File ignored by rseqc/read_distribution because it exceeded search pattern filesize limit: SRR31781635_2_fastqc.html
[2025-04-13 21:06:54,501] multiqc                                            [DEBUG  ]  File ignored by rseqc/infer_experiment because it exceeded search pattern filesize limit: SRR31781635_2_fastqc.html
[2025-04-13 21:06:54,523] multiqc                                            [DEBUG  ]  File ignored by nanostat because it exceeded search pattern filesize limit: SRR31781635_2_fastqc.html
[2025-04-13 21:06:54,528] multiqc                                            [DEBUG  ]  File ignored by ccs/v4 because it exceeded search pattern filesize limit: SRR31781636_2_fastqc.html
[2025-04-13 21:06:54,529] multiqc                                            [DEBUG  ]  File ignored by hicexplorer because it exceeded search pattern filesize limit: SRR31781636_2_fastqc.html
[2025-04-13 21:06:54,529] multiqc                                            [DEBUG  ]  File ignored by lima/summary because it exceeded search pattern filesize limit: SRR31781636_2_fastqc.html
[2025-04-13 21:06:54,530] multiqc                                            [DEBUG  ]  File ignored by vep/vep_txt because it exceeded search pattern filesize limit: SRR31781636_2_fastqc.html
[2025-04-13 21:06:54,530] multiqc                                            [DEBUG  ]  File ignored by longranger/invocation because it exceeded search pattern filesize limit: SRR31781636_2_fastqc.html
[2025-04-13 21:06:54,530] multiqc                                            [DEBUG  ]  File ignored by rockhopper because it exceeded search pattern filesize limit: SRR31781636_2_fastqc.html
[2025-04-13 21:06:54,530] multiqc                                            [DEBUG  ]  File ignored by rseqc/bam_stat because it exceeded search pattern filesize limit: SRR31781636_2_fastqc.html
[2025-04-13 21:06:54,530] multiqc                                            [DEBUG  ]  File ignored by rseqc/junction_annotation because it exceeded search pattern filesize limit: SRR31781636_2_fastqc.html
[2025-04-13 21:06:54,530] multiqc                                            [DEBUG  ]  File ignored by rseqc/read_distribution because it exceeded search pattern filesize limit: SRR31781636_2_fastqc.html
[2025-04-13 21:06:54,530] multiqc                                            [DEBUG  ]  File ignored by rseqc/infer_experiment because it exceeded search pattern filesize limit: SRR31781636_2_fastqc.html
[2025-04-13 21:06:54,551] multiqc                                            [DEBUG  ]  File ignored by nanostat because it exceeded search pattern filesize limit: SRR31781636_2_fastqc.html
[2025-04-13 21:06:54,556] multiqc                                            [DEBUG  ]  File ignored by ccs/v4 because it exceeded search pattern filesize limit: SRR31781640_1_fastqc.html
[2025-04-13 21:06:54,557] multiqc                                            [DEBUG  ]  File ignored by hicexplorer because it exceeded search pattern filesize limit: SRR31781640_1_fastqc.html
[2025-04-13 21:06:54,557] multiqc                                            [DEBUG  ]  File ignored by lima/summary because it exceeded search pattern filesize limit: SRR31781640_1_fastqc.html
[2025-04-13 21:06:54,558] multiqc                                            [DEBUG  ]  File ignored by vep/vep_txt because it exceeded search pattern filesize limit: SRR31781640_1_fastqc.html
[2025-04-13 21:06:54,558] multiqc                                            [DEBUG  ]  File ignored by longranger/invocation because it exceeded search pattern filesize limit: SRR31781640_1_fastqc.html
[2025-04-13 21:06:54,558] multiqc                                            [DEBUG  ]  File ignored by rockhopper because it exceeded search pattern filesize limit: SRR31781640_1_fastqc.html
[2025-04-13 21:06:54,558] multiqc                                            [DEBUG  ]  File ignored by rseqc/bam_stat because it exceeded search pattern filesize limit: SRR31781640_1_fastqc.html
[2025-04-13 21:06:54,558] multiqc                                            [DEBUG  ]  File ignored by rseqc/junction_annotation because it exceeded search pattern filesize limit: SRR31781640_1_fastqc.html
[2025-04-13 21:06:54,558] multiqc                                            [DEBUG  ]  File ignored by rseqc/read_distribution because it exceeded search pattern filesize limit: SRR31781640_1_fastqc.html
[2025-04-13 21:06:54,558] multiqc                                            [DEBUG  ]  File ignored by rseqc/infer_experiment because it exceeded search pattern filesize limit: SRR31781640_1_fastqc.html
[2025-04-13 21:06:54,580] multiqc                                            [DEBUG  ]  File ignored by nanostat because it exceeded search pattern filesize limit: SRR31781640_1_fastqc.html
[2025-04-13 21:06:54,585] multiqc                                            [DEBUG  ]  File ignored by ccs/v4 because it exceeded search pattern filesize limit: SRR31781641_1_fastqc.html
[2025-04-13 21:06:54,586] multiqc                                            [DEBUG  ]  File ignored by hicexplorer because it exceeded search pattern filesize limit: SRR31781641_1_fastqc.html
[2025-04-13 21:06:54,586] multiqc                                            [DEBUG  ]  File ignored by lima/summary because it exceeded search pattern filesize limit: SRR31781641_1_fastqc.html
[2025-04-13 21:06:54,587] multiqc                                            [DEBUG  ]  File ignored by vep/vep_txt because it exceeded search pattern filesize limit: SRR31781641_1_fastqc.html
[2025-04-13 21:06:54,587] multiqc                                            [DEBUG  ]  File ignored by longranger/invocation because it exceeded search pattern filesize limit: SRR31781641_1_fastqc.html
[2025-04-13 21:06:54,587] multiqc                                            [DEBUG  ]  File ignored by rockhopper because it exceeded search pattern filesize limit: SRR31781641_1_fastqc.html
[2025-04-13 21:06:54,587] multiqc                                            [DEBUG  ]  File ignored by rseqc/bam_stat because it exceeded search pattern filesize limit: SRR31781641_1_fastqc.html
[2025-04-13 21:06:54,587] multiqc                                            [DEBUG  ]  File ignored by rseqc/junction_annotation because it exceeded search pattern filesize limit: SRR31781641_1_fastqc.html
[2025-04-13 21:06:54,587] multiqc                                            [DEBUG  ]  File ignored by rseqc/read_distribution because it exceeded search pattern filesize limit: SRR31781641_1_fastqc.html
[2025-04-13 21:06:54,587] multiqc                                            [DEBUG  ]  File ignored by rseqc/infer_experiment because it exceeded search pattern filesize limit: SRR31781641_1_fastqc.html
[2025-04-13 21:06:54,608] multiqc                                            [DEBUG  ]  File ignored by nanostat because it exceeded search pattern filesize limit: SRR31781641_1_fastqc.html
[2025-04-13 21:06:54,615] multiqc                                            [DEBUG  ]  File ignored by ccs/v4 because it exceeded search pattern filesize limit: SRR31781640_2_fastqc.html
[2025-04-13 21:06:54,616] multiqc                                            [DEBUG  ]  File ignored by hicexplorer because it exceeded search pattern filesize limit: SRR31781640_2_fastqc.html
[2025-04-13 21:06:54,616] multiqc                                            [DEBUG  ]  File ignored by lima/summary because it exceeded search pattern filesize limit: SRR31781640_2_fastqc.html
[2025-04-13 21:06:54,617] multiqc                                            [DEBUG  ]  File ignored by vep/vep_txt because it exceeded search pattern filesize limit: SRR31781640_2_fastqc.html
[2025-04-13 21:06:54,617] multiqc                                            [DEBUG  ]  File ignored by longranger/invocation because it exceeded search pattern filesize limit: SRR31781640_2_fastqc.html
[2025-04-13 21:06:54,617] multiqc                                            [DEBUG  ]  File ignored by rockhopper because it exceeded search pattern filesize limit: SRR31781640_2_fastqc.html
[2025-04-13 21:06:54,617] multiqc                                            [DEBUG  ]  File ignored by rseqc/bam_stat because it exceeded search pattern filesize limit: SRR31781640_2_fastqc.html
[2025-04-13 21:06:54,617] multiqc                                            [DEBUG  ]  File ignored by rseqc/junction_annotation because it exceeded search pattern filesize limit: SRR31781640_2_fastqc.html
[2025-04-13 21:06:54,617] multiqc                                            [DEBUG  ]  File ignored by rseqc/read_distribution because it exceeded search pattern filesize limit: SRR31781640_2_fastqc.html
[2025-04-13 21:06:54,617] multiqc                                            [DEBUG  ]  File ignored by rseqc/infer_experiment because it exceeded search pattern filesize limit: SRR31781640_2_fastqc.html
[2025-04-13 21:06:54,638] multiqc                                            [DEBUG  ]  File ignored by nanostat because it exceeded search pattern filesize limit: SRR31781640_2_fastqc.html
[2025-04-13 21:06:54,641] multiqc                                            [DEBUG  ]  File ignored by ccs/v4 because it exceeded search pattern filesize limit: SRR31781641_2_fastqc.html
[2025-04-13 21:06:54,641] multiqc                                            [DEBUG  ]  File ignored by hicexplorer because it exceeded search pattern filesize limit: SRR31781641_2_fastqc.html
[2025-04-13 21:06:54,641] multiqc                                            [DEBUG  ]  File ignored by lima/summary because it exceeded search pattern filesize limit: SRR31781641_2_fastqc.html
[2025-04-13 21:06:54,642] multiqc                                            [DEBUG  ]  File ignored by vep/vep_txt because it exceeded search pattern filesize limit: SRR31781641_2_fastqc.html
[2025-04-13 21:06:54,642] multiqc                                            [DEBUG  ]  File ignored by longranger/invocation because it exceeded search pattern filesize limit: SRR31781641_2_fastqc.html
[2025-04-13 21:06:54,642] multiqc                                            [DEBUG  ]  File ignored by rockhopper because it exceeded search pattern filesize limit: SRR31781641_2_fastqc.html
[2025-04-13 21:06:54,642] multiqc                                            [DEBUG  ]  File ignored by rseqc/bam_stat because it exceeded search pattern filesize limit: SRR31781641_2_fastqc.html
[2025-04-13 21:06:54,642] multiqc                                            [DEBUG  ]  File ignored by rseqc/junction_annotation because it exceeded search pattern filesize limit: SRR31781641_2_fastqc.html
[2025-04-13 21:06:54,642] multiqc                                            [DEBUG  ]  File ignored by rseqc/read_distribution because it exceeded search pattern filesize limit: SRR31781641_2_fastqc.html
[2025-04-13 21:06:54,642] multiqc                                            [DEBUG  ]  File ignored by rseqc/infer_experiment because it exceeded search pattern filesize limit: SRR31781641_2_fastqc.html
[2025-04-13 21:06:54,663] multiqc                                            [DEBUG  ]  File ignored by nanostat because it exceeded search pattern filesize limit: SRR31781641_2_fastqc.html
[2025-04-13 21:06:57,072] multiqc.plots.linegraph                            [DEBUG  ]  Using matplotlib version 3.5.1
[2025-04-13 21:06:57,072] multiqc.plots.bargraph                             [DEBUG  ]  Using matplotlib version 3.5.1
[2025-04-13 21:06:57,233] multiqc.modules.fastqc.fastqc                      [INFO   ]  Found 8 reports
[2025-04-13 21:06:57,407] multiqc                                            [INFO   ]  Compressing plot data
[2025-04-13 21:06:57,569] multiqc                                            [INFO   ]  Report      : results/qc_reports/multiqc_report.html
[2025-04-13 21:06:57,570] multiqc                                            [INFO   ]  Data        : results/qc_reports/multiqc_data
[2025-04-13 21:06:57,570] multiqc                                            [DEBUG  ]  Moving data file from '/tmp/tmpflw4kmpc/multiqc_data' to 'results/qc_reports/multiqc_data'
[2025-04-13 21:06:57,687] multiqc                                            [INFO   ]  MultiQC complete
